[Sat Apr 29 12:28:51 CEST 2023][INFO] ==================== COMPILE TASK ====================
[Sat Apr 29 12:28:52 CEST 2023][INFO] We will now compile your code for x86_64-apple-darwin. This may take some time.
[Sat Apr 29 12:28:52 CEST 2023][FINE] Extracting native libs to: /Users/pixelmission/Documents/TowerDefense/towerdefense/target/gluonfx/x86_64-darwin/gvm/lib
[Sat Apr 29 12:28:52 CEST 2023][FINE] Looking for resource: /native/macosx/AppDelegate.m
[Sat Apr 29 12:28:52 CEST 2023][FINE] Looking for resource: /native/macosx/launcher.c
[Sat Apr 29 12:28:52 CEST 2023][FINE] PB Command for compile-additional-sources: gcc -c -DSUBSTRATE -mmacosx-version-min=10.12 -I/Users/pixelmission/Documents/TowerDefense/towerdefense/target/gluonfx/x86_64-darwin/gvm/towerdefense AppDelegate.m launcher.c
[Sat Apr 29 12:28:52 CEST 2023][FINE] Start process compile-additional-sources...
[Sat Apr 29 12:28:58 CEST 2023][FINE] Result for compile-additional-sources: 0
[Sat Apr 29 12:28:58 CEST 2023][FINE] Copied resource /Users/pixelmission/Documents/TowerDefense/towerdefense/target/classes/d_left_top.png to /var/folders/4_/n8fx_qjd4qd171k0ysxgncg00000gn/T/classes1063815063531749010/d_left_top.png
[Sat Apr 29 12:28:58 CEST 2023][FINE] Copied resource /Users/pixelmission/Documents/TowerDefense/towerdefense/target/classes/c_top_right.png to /var/folders/4_/n8fx_qjd4qd171k0ysxgncg00000gn/T/classes1063815063531749010/c_top_right.png
[Sat Apr 29 12:28:58 CEST 2023][FINE] Copied resource /Users/pixelmission/Documents/TowerDefense/towerdefense/target/classes/b_right.png to /var/folders/4_/n8fx_qjd4qd171k0ysxgncg00000gn/T/classes1063815063531749010/b_right.png
[Sat Apr 29 12:28:58 CEST 2023][FINE] Copied resource /Users/pixelmission/Documents/TowerDefense/towerdefense/target/classes/a_empty.png to /var/folders/4_/n8fx_qjd4qd171k0ysxgncg00000gn/T/classes1063815063531749010/a_empty.png
[Sat Apr 29 12:28:58 CEST 2023][FINE] Copied resource /Users/pixelmission/Documents/TowerDefense/towerdefense/target/classes/c_bottom_right.png to /var/folders/4_/n8fx_qjd4qd171k0ysxgncg00000gn/T/classes1063815063531749010/c_bottom_right.png
[Sat Apr 29 12:28:58 CEST 2023][FINE] Copied resource /Users/pixelmission/Documents/TowerDefense/towerdefense/target/classes/c_top_left.png to /var/folders/4_/n8fx_qjd4qd171k0ysxgncg00000gn/T/classes1063815063531749010/c_top_left.png
[Sat Apr 29 12:28:58 CEST 2023][FINE] Copied resource /Users/pixelmission/Documents/TowerDefense/towerdefense/target/classes/a_path.png to /var/folders/4_/n8fx_qjd4qd171k0ysxgncg00000gn/T/classes1063815063531749010/a_path.png
[Sat Apr 29 12:28:58 CEST 2023][FINE] Copied resource /Users/pixelmission/Documents/TowerDefense/towerdefense/target/classes/enemy_1.png to /var/folders/4_/n8fx_qjd4qd171k0ysxgncg00000gn/T/classes1063815063531749010/enemy_1.png
[Sat Apr 29 12:28:58 CEST 2023][FINE] Copied resource /Users/pixelmission/Documents/TowerDefense/towerdefense/target/classes/a_path copy 2.png to /var/folders/4_/n8fx_qjd4qd171k0ysxgncg00000gn/T/classes1063815063531749010/a_path copy 2.png
[Sat Apr 29 12:28:58 CEST 2023][FINE] Copied resource /Users/pixelmission/Documents/TowerDefense/towerdefense/target/classes/module-info.class to /var/folders/4_/n8fx_qjd4qd171k0ysxgncg00000gn/T/classes1063815063531749010/module-info.class
[Sat Apr 29 12:28:58 CEST 2023][FINE] Copied resource /Users/pixelmission/Documents/TowerDefense/towerdefense/target/classes/d_bottom_right.png to /var/folders/4_/n8fx_qjd4qd171k0ysxgncg00000gn/T/classes1063815063531749010/d_bottom_right.png
[Sat Apr 29 12:28:58 CEST 2023][FINE] Copied resource /Users/pixelmission/Documents/TowerDefense/towerdefense/target/classes/d_right_top.png to /var/folders/4_/n8fx_qjd4qd171k0ysxgncg00000gn/T/classes1063815063531749010/d_right_top.png
[Sat Apr 29 12:28:58 CEST 2023][FINE] Copied resource /Users/pixelmission/Documents/TowerDefense/towerdefense/target/classes/a_path copy.png to /var/folders/4_/n8fx_qjd4qd171k0ysxgncg00000gn/T/classes1063815063531749010/a_path copy.png
[Sat Apr 29 12:28:58 CEST 2023][FINE] Copied resource /Users/pixelmission/Documents/TowerDefense/towerdefense/target/classes/weapon_3.png to /var/folders/4_/n8fx_qjd4qd171k0ysxgncg00000gn/T/classes1063815063531749010/weapon_3.png
[Sat Apr 29 12:28:58 CEST 2023][FINE] Copied resource /Users/pixelmission/Documents/TowerDefense/towerdefense/target/classes/b_bottom.png to /var/folders/4_/n8fx_qjd4qd171k0ysxgncg00000gn/T/classes1063815063531749010/b_bottom.png
[Sat Apr 29 12:28:58 CEST 2023][FINE] Copied resource /Users/pixelmission/Documents/TowerDefense/towerdefense/target/classes/c_bottom_left.png to /var/folders/4_/n8fx_qjd4qd171k0ysxgncg00000gn/T/classes1063815063531749010/c_bottom_left.png
[Sat Apr 29 12:28:58 CEST 2023][FINE] Copied resource /Users/pixelmission/Documents/TowerDefense/towerdefense/target/classes/b_top.png to /var/folders/4_/n8fx_qjd4qd171k0ysxgncg00000gn/T/classes1063815063531749010/b_top.png
[Sat Apr 29 12:28:58 CEST 2023][FINE] Copied resource /Users/pixelmission/Documents/TowerDefense/towerdefense/target/classes/b_left.png to /var/folders/4_/n8fx_qjd4qd171k0ysxgncg00000gn/T/classes1063815063531749010/b_left.png
[Sat Apr 29 12:28:58 CEST 2023][FINE] Copied resource /Users/pixelmission/Documents/TowerDefense/towerdefense/target/classes/weapon_1.png to /var/folders/4_/n8fx_qjd4qd171k0ysxgncg00000gn/T/classes1063815063531749010/weapon_1.png
[Sat Apr 29 12:28:58 CEST 2023][FINE] Copied resource /Users/pixelmission/Documents/TowerDefense/towerdefense/target/classes/weapon_4.png to /var/folders/4_/n8fx_qjd4qd171k0ysxgncg00000gn/T/classes1063815063531749010/weapon_4.png
[Sat Apr 29 12:28:58 CEST 2023][FINE] Copied resource /Users/pixelmission/Documents/TowerDefense/towerdefense/target/classes/d_bottom_left.png to /var/folders/4_/n8fx_qjd4qd171k0ysxgncg00000gn/T/classes1063815063531749010/d_bottom_left.png
[Sat Apr 29 12:28:58 CEST 2023][FINE] Copied resource /Users/pixelmission/Documents/TowerDefense/towerdefense/target/classes/com/towerdefense/Tilemap.class to /var/folders/4_/n8fx_qjd4qd171k0ysxgncg00000gn/T/classes1063815063531749010/com/towerdefense/Tilemap.class
[Sat Apr 29 12:28:58 CEST 2023][FINE] Copied resource /Users/pixelmission/Documents/TowerDefense/towerdefense/target/classes/com/towerdefense/WeaponManager.class to /var/folders/4_/n8fx_qjd4qd171k0ysxgncg00000gn/T/classes1063815063531749010/com/towerdefense/WeaponManager.class
[Sat Apr 29 12:28:58 CEST 2023][FINE] Copied resource /Users/pixelmission/Documents/TowerDefense/towerdefense/target/classes/com/towerdefense/Weapon.class to /var/folders/4_/n8fx_qjd4qd171k0ysxgncg00000gn/T/classes1063815063531749010/com/towerdefense/Weapon.class
[Sat Apr 29 12:28:58 CEST 2023][FINE] Copied resource /Users/pixelmission/Documents/TowerDefense/towerdefense/target/classes/com/towerdefense/Game.class to /var/folders/4_/n8fx_qjd4qd171k0ysxgncg00000gn/T/classes1063815063531749010/com/towerdefense/Game.class
[Sat Apr 29 12:28:58 CEST 2023][FINE] Copied resource /Users/pixelmission/Documents/TowerDefense/towerdefense/target/classes/com/towerdefense/PrimaryController.class to /var/folders/4_/n8fx_qjd4qd171k0ysxgncg00000gn/T/classes1063815063531749010/com/towerdefense/PrimaryController.class
[Sat Apr 29 12:28:58 CEST 2023][FINE] Copied resource /Users/pixelmission/Documents/TowerDefense/towerdefense/target/classes/com/towerdefense/primary.fxml to /var/folders/4_/n8fx_qjd4qd171k0ysxgncg00000gn/T/classes1063815063531749010/com/towerdefense/primary.fxml
[Sat Apr 29 12:28:58 CEST 2023][FINE] Copied resource /Users/pixelmission/Documents/TowerDefense/towerdefense/target/classes/com/towerdefense/Enemy.class to /var/folders/4_/n8fx_qjd4qd171k0ysxgncg00000gn/T/classes1063815063531749010/com/towerdefense/Enemy.class
[Sat Apr 29 12:28:58 CEST 2023][FINE] Copied resource /Users/pixelmission/Documents/TowerDefense/towerdefense/target/classes/com/towerdefense/Vector2D.class to /var/folders/4_/n8fx_qjd4qd171k0ysxgncg00000gn/T/classes1063815063531749010/com/towerdefense/Vector2D.class
[Sat Apr 29 12:28:58 CEST 2023][FINE] Copied resource /Users/pixelmission/Documents/TowerDefense/towerdefense/target/classes/com/towerdefense/EnemyManager.class to /var/folders/4_/n8fx_qjd4qd171k0ysxgncg00000gn/T/classes1063815063531749010/com/towerdefense/EnemyManager.class
[Sat Apr 29 12:28:58 CEST 2023][FINE] Copied resource /Users/pixelmission/Documents/TowerDefense/towerdefense/target/classes/com/towerdefense/Demo$1.class to /var/folders/4_/n8fx_qjd4qd171k0ysxgncg00000gn/T/classes1063815063531749010/com/towerdefense/Demo$1.class
[Sat Apr 29 12:28:58 CEST 2023][FINE] Copied resource /Users/pixelmission/Documents/TowerDefense/towerdefense/target/classes/com/towerdefense/Game$1.class to /var/folders/4_/n8fx_qjd4qd171k0ysxgncg00000gn/T/classes1063815063531749010/com/towerdefense/Game$1.class
[Sat Apr 29 12:28:58 CEST 2023][FINE] Copied resource /Users/pixelmission/Documents/TowerDefense/towerdefense/target/classes/com/towerdefense/Demo.class to /var/folders/4_/n8fx_qjd4qd171k0ysxgncg00000gn/T/classes1063815063531749010/com/towerdefense/Demo.class
[Sat Apr 29 12:28:58 CEST 2023][FINE] Copied resource /Users/pixelmission/Documents/TowerDefense/towerdefense/target/classes/com/towerdefense/secondary.fxml to /var/folders/4_/n8fx_qjd4qd171k0ysxgncg00000gn/T/classes1063815063531749010/com/towerdefense/secondary.fxml
[Sat Apr 29 12:28:58 CEST 2023][FINE] Copied resource /Users/pixelmission/Documents/TowerDefense/towerdefense/target/classes/com/towerdefense/Settings.class to /var/folders/4_/n8fx_qjd4qd171k0ysxgncg00000gn/T/classes1063815063531749010/com/towerdefense/Settings.class
[Sat Apr 29 12:28:58 CEST 2023][FINE] Copied resource /Users/pixelmission/Documents/TowerDefense/towerdefense/target/classes/com/towerdefense/Tile.class to /var/folders/4_/n8fx_qjd4qd171k0ysxgncg00000gn/T/classes1063815063531749010/com/towerdefense/Tile.class
[Sat Apr 29 12:28:58 CEST 2023][FINE] Copied resource /Users/pixelmission/Documents/TowerDefense/towerdefense/target/classes/com/towerdefense/App.class to /var/folders/4_/n8fx_qjd4qd171k0ysxgncg00000gn/T/classes1063815063531749010/com/towerdefense/App.class
[Sat Apr 29 12:28:58 CEST 2023][FINE] Copied resource /Users/pixelmission/Documents/TowerDefense/towerdefense/target/classes/com/towerdefense/Game$2.class to /var/folders/4_/n8fx_qjd4qd171k0ysxgncg00000gn/T/classes1063815063531749010/com/towerdefense/Game$2.class
[Sat Apr 29 12:28:58 CEST 2023][FINE] Copied resource /Users/pixelmission/Documents/TowerDefense/towerdefense/target/classes/com/towerdefense/Utils.class to /var/folders/4_/n8fx_qjd4qd171k0ysxgncg00000gn/T/classes1063815063531749010/com/towerdefense/Utils.class
[Sat Apr 29 12:28:58 CEST 2023][FINE] Copied resource /Users/pixelmission/Documents/TowerDefense/towerdefense/target/classes/com/towerdefense/Demo$2.class to /var/folders/4_/n8fx_qjd4qd171k0ysxgncg00000gn/T/classes1063815063531749010/com/towerdefense/Demo$2.class
[Sat Apr 29 12:28:58 CEST 2023][FINE] Copied resource /Users/pixelmission/Documents/TowerDefense/towerdefense/target/classes/com/towerdefense/SecondaryController.class to /var/folders/4_/n8fx_qjd4qd171k0ysxgncg00000gn/T/classes1063815063531749010/com/towerdefense/SecondaryController.class
[Sat Apr 29 12:28:58 CEST 2023][FINE] Copied resource /Users/pixelmission/Documents/TowerDefense/towerdefense/target/classes/com/towerdefense/Layer.class to /var/folders/4_/n8fx_qjd4qd171k0ysxgncg00000gn/T/classes1063815063531749010/com/towerdefense/Layer.class
[Sat Apr 29 12:28:58 CEST 2023][FINE] PB Command for jar: /Users/pixelmission/Documents/graalvm-ce-java17-22.3.1/Contents/Home/bin/jar cf /var/folders/4_/n8fx_qjd4qd171k0ysxgncg00000gn/T/classes1063815063531749010/classes.jar -C /var/folders/4_/n8fx_qjd4qd171k0ysxgncg00000gn/T/classes1063815063531749010 .
[Sat Apr 29 12:28:58 CEST 2023][FINE] Start process jar...
[Sat Apr 29 12:28:58 CEST 2023][FINE] Result for jar: 0
[Sat Apr 29 12:28:58 CEST 2023][FINE] Scanning for init build time files
[Sat Apr 29 12:28:58 CEST 2023][FINE] Scanning /Users/pixelmission/.gluon/substrate/javafxStaticSdk/21-ea+9.1/darwin-x86_64/sdk/lib/javafx.base.jar
[Sat Apr 29 12:28:58 CEST 2023][FINE] Scanning /Users/pixelmission/.gluon/substrate/javafxStaticSdk/21-ea+9.1/darwin-x86_64/sdk/lib/javafx.controls.jar
[Sat Apr 29 12:28:58 CEST 2023][FINE] Scanning /Users/pixelmission/.gluon/substrate/javafxStaticSdk/21-ea+9.1/darwin-x86_64/sdk/lib/javafx.fxml.jar
[Sat Apr 29 12:28:58 CEST 2023][FINE] Scanning /Users/pixelmission/.gluon/substrate/javafxStaticSdk/21-ea+9.1/darwin-x86_64/sdk/lib/javafx.graphics.jar
[Sat Apr 29 12:28:58 CEST 2023][FINE] Scanning /var/folders/4_/n8fx_qjd4qd171k0ysxgncg00000gn/T/classes1063815063531749010/classes.jar
[Sat Apr 29 12:28:58 CEST 2023][FINE] Scanning for reflection files
[Sat Apr 29 12:28:58 CEST 2023][FINE] Scanning /Users/pixelmission/.gluon/substrate/javafxStaticSdk/21-ea+9.1/darwin-x86_64/sdk/lib/javafx.base.jar
[Sat Apr 29 12:28:58 CEST 2023][FINE] Adding classes from /Users/pixelmission/.gluon/substrate/javafxStaticSdk/21-ea+9.1/darwin-x86_64/sdk/lib/javafx.base.jar::META-INF/substrate/config/reflectionconfig.json
[Sat Apr 29 12:28:58 CEST 2023][FINE] Scanning /Users/pixelmission/.gluon/substrate/javafxStaticSdk/21-ea+9.1/darwin-x86_64/sdk/lib/javafx.controls.jar
[Sat Apr 29 12:28:58 CEST 2023][FINE] Adding classes from /Users/pixelmission/.gluon/substrate/javafxStaticSdk/21-ea+9.1/darwin-x86_64/sdk/lib/javafx.controls.jar::META-INF/substrate/config/reflectionconfig.json
[Sat Apr 29 12:28:58 CEST 2023][FINE] Scanning /Users/pixelmission/.gluon/substrate/javafxStaticSdk/21-ea+9.1/darwin-x86_64/sdk/lib/javafx.fxml.jar
[Sat Apr 29 12:28:58 CEST 2023][FINE] Adding classes from /Users/pixelmission/.gluon/substrate/javafxStaticSdk/21-ea+9.1/darwin-x86_64/sdk/lib/javafx.fxml.jar::META-INF/substrate/config/reflectionconfig.json
[Sat Apr 29 12:28:58 CEST 2023][FINE] Scanning /Users/pixelmission/.gluon/substrate/javafxStaticSdk/21-ea+9.1/darwin-x86_64/sdk/lib/javafx.graphics.jar
[Sat Apr 29 12:28:58 CEST 2023][FINE] Adding classes from /Users/pixelmission/.gluon/substrate/javafxStaticSdk/21-ea+9.1/darwin-x86_64/sdk/lib/javafx.graphics.jar::META-INF/substrate/config/reflectionconfig-x86_64-darwin.json
[Sat Apr 29 12:28:58 CEST 2023][FINE] Adding classes from /Users/pixelmission/.gluon/substrate/javafxStaticSdk/21-ea+9.1/darwin-x86_64/sdk/lib/javafx.graphics.jar::META-INF/substrate/config/reflectionconfig.json
[Sat Apr 29 12:28:58 CEST 2023][FINE] Scanning /var/folders/4_/n8fx_qjd4qd171k0ysxgncg00000gn/T/classes1063815063531749010/classes.jar
[Sat Apr 29 12:28:58 CEST 2023][FINE] Scanning for JNI files
[Sat Apr 29 12:28:58 CEST 2023][FINE] Scanning /Users/pixelmission/.gluon/substrate/javafxStaticSdk/21-ea+9.1/darwin-x86_64/sdk/lib/javafx.base.jar
[Sat Apr 29 12:28:58 CEST 2023][FINE] Scanning /Users/pixelmission/.gluon/substrate/javafxStaticSdk/21-ea+9.1/darwin-x86_64/sdk/lib/javafx.controls.jar
[Sat Apr 29 12:28:58 CEST 2023][FINE] Scanning /Users/pixelmission/.gluon/substrate/javafxStaticSdk/21-ea+9.1/darwin-x86_64/sdk/lib/javafx.fxml.jar
[Sat Apr 29 12:28:58 CEST 2023][FINE] Scanning /Users/pixelmission/.gluon/substrate/javafxStaticSdk/21-ea+9.1/darwin-x86_64/sdk/lib/javafx.graphics.jar
[Sat Apr 29 12:28:58 CEST 2023][FINE] Adding classes from /Users/pixelmission/.gluon/substrate/javafxStaticSdk/21-ea+9.1/darwin-x86_64/sdk/lib/javafx.graphics.jar::META-INF/substrate/config/jniconfig-x86_64-darwin.json
[Sat Apr 29 12:28:58 CEST 2023][FINE] Adding classes from /Users/pixelmission/.gluon/substrate/javafxStaticSdk/21-ea+9.1/darwin-x86_64/sdk/lib/javafx.graphics.jar::META-INF/substrate/config/jniconfig.json
[Sat Apr 29 12:28:58 CEST 2023][FINE] Scanning /var/folders/4_/n8fx_qjd4qd171k0ysxgncg00000gn/T/classes1063815063531749010/classes.jar
[Sat Apr 29 12:28:58 CEST 2023][FINE] Scanning for resource files
[Sat Apr 29 12:28:58 CEST 2023][FINE] Scanning /Users/pixelmission/.gluon/substrate/javafxStaticSdk/21-ea+9.1/darwin-x86_64/sdk/lib/javafx.base.jar
[Sat Apr 29 12:28:58 CEST 2023][FINE] Scanning /Users/pixelmission/.gluon/substrate/javafxStaticSdk/21-ea+9.1/darwin-x86_64/sdk/lib/javafx.controls.jar
[Sat Apr 29 12:28:58 CEST 2023][FINE] Scanning /Users/pixelmission/.gluon/substrate/javafxStaticSdk/21-ea+9.1/darwin-x86_64/sdk/lib/javafx.fxml.jar
[Sat Apr 29 12:28:58 CEST 2023][FINE] Scanning /Users/pixelmission/.gluon/substrate/javafxStaticSdk/21-ea+9.1/darwin-x86_64/sdk/lib/javafx.graphics.jar
[Sat Apr 29 12:28:58 CEST 2023][FINE] Scanning /var/folders/4_/n8fx_qjd4qd171k0ysxgncg00000gn/T/classes1063815063531749010/classes.jar
[Sat Apr 29 12:28:58 CEST 2023][FINE] Copied resource /Users/pixelmission/Documents/TowerDefense/towerdefense/target/classes/d_left_top.png to /var/folders/4_/n8fx_qjd4qd171k0ysxgncg00000gn/T/classes3953232496103019506/d_left_top.png
[Sat Apr 29 12:28:58 CEST 2023][FINE] Copied resource /Users/pixelmission/Documents/TowerDefense/towerdefense/target/classes/c_top_right.png to /var/folders/4_/n8fx_qjd4qd171k0ysxgncg00000gn/T/classes3953232496103019506/c_top_right.png
[Sat Apr 29 12:28:58 CEST 2023][FINE] Copied resource /Users/pixelmission/Documents/TowerDefense/towerdefense/target/classes/b_right.png to /var/folders/4_/n8fx_qjd4qd171k0ysxgncg00000gn/T/classes3953232496103019506/b_right.png
[Sat Apr 29 12:28:58 CEST 2023][FINE] Copied resource /Users/pixelmission/Documents/TowerDefense/towerdefense/target/classes/a_empty.png to /var/folders/4_/n8fx_qjd4qd171k0ysxgncg00000gn/T/classes3953232496103019506/a_empty.png
[Sat Apr 29 12:28:58 CEST 2023][FINE] Copied resource /Users/pixelmission/Documents/TowerDefense/towerdefense/target/classes/c_bottom_right.png to /var/folders/4_/n8fx_qjd4qd171k0ysxgncg00000gn/T/classes3953232496103019506/c_bottom_right.png
[Sat Apr 29 12:28:58 CEST 2023][FINE] Copied resource /Users/pixelmission/Documents/TowerDefense/towerdefense/target/classes/c_top_left.png to /var/folders/4_/n8fx_qjd4qd171k0ysxgncg00000gn/T/classes3953232496103019506/c_top_left.png
[Sat Apr 29 12:28:58 CEST 2023][FINE] Copied resource /Users/pixelmission/Documents/TowerDefense/towerdefense/target/classes/a_path.png to /var/folders/4_/n8fx_qjd4qd171k0ysxgncg00000gn/T/classes3953232496103019506/a_path.png
[Sat Apr 29 12:28:58 CEST 2023][FINE] Copied resource /Users/pixelmission/Documents/TowerDefense/towerdefense/target/classes/enemy_1.png to /var/folders/4_/n8fx_qjd4qd171k0ysxgncg00000gn/T/classes3953232496103019506/enemy_1.png
[Sat Apr 29 12:28:58 CEST 2023][FINE] Copied resource /Users/pixelmission/Documents/TowerDefense/towerdefense/target/classes/a_path copy 2.png to /var/folders/4_/n8fx_qjd4qd171k0ysxgncg00000gn/T/classes3953232496103019506/a_path copy 2.png
[Sat Apr 29 12:28:58 CEST 2023][FINE] Copied resource /Users/pixelmission/Documents/TowerDefense/towerdefense/target/classes/module-info.class to /var/folders/4_/n8fx_qjd4qd171k0ysxgncg00000gn/T/classes3953232496103019506/module-info.class
[Sat Apr 29 12:28:58 CEST 2023][FINE] Copied resource /Users/pixelmission/Documents/TowerDefense/towerdefense/target/classes/d_bottom_right.png to /var/folders/4_/n8fx_qjd4qd171k0ysxgncg00000gn/T/classes3953232496103019506/d_bottom_right.png
[Sat Apr 29 12:28:58 CEST 2023][FINE] Copied resource /Users/pixelmission/Documents/TowerDefense/towerdefense/target/classes/d_right_top.png to /var/folders/4_/n8fx_qjd4qd171k0ysxgncg00000gn/T/classes3953232496103019506/d_right_top.png
[Sat Apr 29 12:28:58 CEST 2023][FINE] Copied resource /Users/pixelmission/Documents/TowerDefense/towerdefense/target/classes/a_path copy.png to /var/folders/4_/n8fx_qjd4qd171k0ysxgncg00000gn/T/classes3953232496103019506/a_path copy.png
[Sat Apr 29 12:28:58 CEST 2023][FINE] Copied resource /Users/pixelmission/Documents/TowerDefense/towerdefense/target/classes/weapon_3.png to /var/folders/4_/n8fx_qjd4qd171k0ysxgncg00000gn/T/classes3953232496103019506/weapon_3.png
[Sat Apr 29 12:28:58 CEST 2023][FINE] Copied resource /Users/pixelmission/Documents/TowerDefense/towerdefense/target/classes/b_bottom.png to /var/folders/4_/n8fx_qjd4qd171k0ysxgncg00000gn/T/classes3953232496103019506/b_bottom.png
[Sat Apr 29 12:28:58 CEST 2023][FINE] Copied resource /Users/pixelmission/Documents/TowerDefense/towerdefense/target/classes/c_bottom_left.png to /var/folders/4_/n8fx_qjd4qd171k0ysxgncg00000gn/T/classes3953232496103019506/c_bottom_left.png
[Sat Apr 29 12:28:58 CEST 2023][FINE] Copied resource /Users/pixelmission/Documents/TowerDefense/towerdefense/target/classes/b_top.png to /var/folders/4_/n8fx_qjd4qd171k0ysxgncg00000gn/T/classes3953232496103019506/b_top.png
[Sat Apr 29 12:28:58 CEST 2023][FINE] Copied resource /Users/pixelmission/Documents/TowerDefense/towerdefense/target/classes/b_left.png to /var/folders/4_/n8fx_qjd4qd171k0ysxgncg00000gn/T/classes3953232496103019506/b_left.png
[Sat Apr 29 12:28:58 CEST 2023][FINE] Copied resource /Users/pixelmission/Documents/TowerDefense/towerdefense/target/classes/weapon_1.png to /var/folders/4_/n8fx_qjd4qd171k0ysxgncg00000gn/T/classes3953232496103019506/weapon_1.png
[Sat Apr 29 12:28:58 CEST 2023][FINE] Copied resource /Users/pixelmission/Documents/TowerDefense/towerdefense/target/classes/weapon_4.png to /var/folders/4_/n8fx_qjd4qd171k0ysxgncg00000gn/T/classes3953232496103019506/weapon_4.png
[Sat Apr 29 12:28:58 CEST 2023][FINE] Copied resource /Users/pixelmission/Documents/TowerDefense/towerdefense/target/classes/d_bottom_left.png to /var/folders/4_/n8fx_qjd4qd171k0ysxgncg00000gn/T/classes3953232496103019506/d_bottom_left.png
[Sat Apr 29 12:28:58 CEST 2023][FINE] Copied resource /Users/pixelmission/Documents/TowerDefense/towerdefense/target/classes/com/towerdefense/Tilemap.class to /var/folders/4_/n8fx_qjd4qd171k0ysxgncg00000gn/T/classes3953232496103019506/com/towerdefense/Tilemap.class
[Sat Apr 29 12:28:58 CEST 2023][FINE] Copied resource /Users/pixelmission/Documents/TowerDefense/towerdefense/target/classes/com/towerdefense/WeaponManager.class to /var/folders/4_/n8fx_qjd4qd171k0ysxgncg00000gn/T/classes3953232496103019506/com/towerdefense/WeaponManager.class
[Sat Apr 29 12:28:58 CEST 2023][FINE] Copied resource /Users/pixelmission/Documents/TowerDefense/towerdefense/target/classes/com/towerdefense/Weapon.class to /var/folders/4_/n8fx_qjd4qd171k0ysxgncg00000gn/T/classes3953232496103019506/com/towerdefense/Weapon.class
[Sat Apr 29 12:28:58 CEST 2023][FINE] Copied resource /Users/pixelmission/Documents/TowerDefense/towerdefense/target/classes/com/towerdefense/Game.class to /var/folders/4_/n8fx_qjd4qd171k0ysxgncg00000gn/T/classes3953232496103019506/com/towerdefense/Game.class
[Sat Apr 29 12:28:58 CEST 2023][FINE] Copied resource /Users/pixelmission/Documents/TowerDefense/towerdefense/target/classes/com/towerdefense/PrimaryController.class to /var/folders/4_/n8fx_qjd4qd171k0ysxgncg00000gn/T/classes3953232496103019506/com/towerdefense/PrimaryController.class
[Sat Apr 29 12:28:58 CEST 2023][FINE] Copied resource /Users/pixelmission/Documents/TowerDefense/towerdefense/target/classes/com/towerdefense/primary.fxml to /var/folders/4_/n8fx_qjd4qd171k0ysxgncg00000gn/T/classes3953232496103019506/com/towerdefense/primary.fxml
[Sat Apr 29 12:28:58 CEST 2023][FINE] Copied resource /Users/pixelmission/Documents/TowerDefense/towerdefense/target/classes/com/towerdefense/Enemy.class to /var/folders/4_/n8fx_qjd4qd171k0ysxgncg00000gn/T/classes3953232496103019506/com/towerdefense/Enemy.class
[Sat Apr 29 12:28:58 CEST 2023][FINE] Copied resource /Users/pixelmission/Documents/TowerDefense/towerdefense/target/classes/com/towerdefense/Vector2D.class to /var/folders/4_/n8fx_qjd4qd171k0ysxgncg00000gn/T/classes3953232496103019506/com/towerdefense/Vector2D.class
[Sat Apr 29 12:28:58 CEST 2023][FINE] Copied resource /Users/pixelmission/Documents/TowerDefense/towerdefense/target/classes/com/towerdefense/EnemyManager.class to /var/folders/4_/n8fx_qjd4qd171k0ysxgncg00000gn/T/classes3953232496103019506/com/towerdefense/EnemyManager.class
[Sat Apr 29 12:28:58 CEST 2023][FINE] Copied resource /Users/pixelmission/Documents/TowerDefense/towerdefense/target/classes/com/towerdefense/Demo$1.class to /var/folders/4_/n8fx_qjd4qd171k0ysxgncg00000gn/T/classes3953232496103019506/com/towerdefense/Demo$1.class
[Sat Apr 29 12:28:58 CEST 2023][FINE] Copied resource /Users/pixelmission/Documents/TowerDefense/towerdefense/target/classes/com/towerdefense/Game$1.class to /var/folders/4_/n8fx_qjd4qd171k0ysxgncg00000gn/T/classes3953232496103019506/com/towerdefense/Game$1.class
[Sat Apr 29 12:28:58 CEST 2023][FINE] Copied resource /Users/pixelmission/Documents/TowerDefense/towerdefense/target/classes/com/towerdefense/Demo.class to /var/folders/4_/n8fx_qjd4qd171k0ysxgncg00000gn/T/classes3953232496103019506/com/towerdefense/Demo.class
[Sat Apr 29 12:28:58 CEST 2023][FINE] Copied resource /Users/pixelmission/Documents/TowerDefense/towerdefense/target/classes/com/towerdefense/secondary.fxml to /var/folders/4_/n8fx_qjd4qd171k0ysxgncg00000gn/T/classes3953232496103019506/com/towerdefense/secondary.fxml
[Sat Apr 29 12:28:58 CEST 2023][FINE] Copied resource /Users/pixelmission/Documents/TowerDefense/towerdefense/target/classes/com/towerdefense/Settings.class to /var/folders/4_/n8fx_qjd4qd171k0ysxgncg00000gn/T/classes3953232496103019506/com/towerdefense/Settings.class
[Sat Apr 29 12:28:58 CEST 2023][FINE] Copied resource /Users/pixelmission/Documents/TowerDefense/towerdefense/target/classes/com/towerdefense/Tile.class to /var/folders/4_/n8fx_qjd4qd171k0ysxgncg00000gn/T/classes3953232496103019506/com/towerdefense/Tile.class
[Sat Apr 29 12:28:58 CEST 2023][FINE] Copied resource /Users/pixelmission/Documents/TowerDefense/towerdefense/target/classes/com/towerdefense/App.class to /var/folders/4_/n8fx_qjd4qd171k0ysxgncg00000gn/T/classes3953232496103019506/com/towerdefense/App.class
[Sat Apr 29 12:28:58 CEST 2023][FINE] Copied resource /Users/pixelmission/Documents/TowerDefense/towerdefense/target/classes/com/towerdefense/Game$2.class to /var/folders/4_/n8fx_qjd4qd171k0ysxgncg00000gn/T/classes3953232496103019506/com/towerdefense/Game$2.class
[Sat Apr 29 12:28:58 CEST 2023][FINE] Copied resource /Users/pixelmission/Documents/TowerDefense/towerdefense/target/classes/com/towerdefense/Utils.class to /var/folders/4_/n8fx_qjd4qd171k0ysxgncg00000gn/T/classes3953232496103019506/com/towerdefense/Utils.class
[Sat Apr 29 12:28:58 CEST 2023][FINE] Copied resource /Users/pixelmission/Documents/TowerDefense/towerdefense/target/classes/com/towerdefense/Demo$2.class to /var/folders/4_/n8fx_qjd4qd171k0ysxgncg00000gn/T/classes3953232496103019506/com/towerdefense/Demo$2.class
[Sat Apr 29 12:28:58 CEST 2023][FINE] Copied resource /Users/pixelmission/Documents/TowerDefense/towerdefense/target/classes/com/towerdefense/SecondaryController.class to /var/folders/4_/n8fx_qjd4qd171k0ysxgncg00000gn/T/classes3953232496103019506/com/towerdefense/SecondaryController.class
[Sat Apr 29 12:28:58 CEST 2023][FINE] Copied resource /Users/pixelmission/Documents/TowerDefense/towerdefense/target/classes/com/towerdefense/Layer.class to /var/folders/4_/n8fx_qjd4qd171k0ysxgncg00000gn/T/classes3953232496103019506/com/towerdefense/Layer.class
[Sat Apr 29 12:28:58 CEST 2023][FINE] PB Command for jar: /Users/pixelmission/Documents/graalvm-ce-java17-22.3.1/Contents/Home/bin/jar cf /var/folders/4_/n8fx_qjd4qd171k0ysxgncg00000gn/T/classes3953232496103019506/classes.jar -C /var/folders/4_/n8fx_qjd4qd171k0ysxgncg00000gn/T/classes3953232496103019506 .
[Sat Apr 29 12:28:58 CEST 2023][FINE] Start process jar...
[Sat Apr 29 12:28:58 CEST 2023][FINE] Result for jar: 0
[Sat Apr 29 12:28:58 CEST 2023][FINE] Scanning for resource bundles
[Sat Apr 29 12:28:58 CEST 2023][FINE] Scanning /Users/pixelmission/.gluon/substrate/javafxStaticSdk/21-ea+9.1/darwin-x86_64/sdk/lib/javafx.base.jar
[Sat Apr 29 12:28:58 CEST 2023][FINE] Scanning /Users/pixelmission/.gluon/substrate/javafxStaticSdk/21-ea+9.1/darwin-x86_64/sdk/lib/javafx.controls.jar
[Sat Apr 29 12:28:58 CEST 2023][FINE] Adding classes from /Users/pixelmission/.gluon/substrate/javafxStaticSdk/21-ea+9.1/darwin-x86_64/sdk/lib/javafx.controls.jar::META-INF/substrate/config/resourcebundles
[Sat Apr 29 12:28:58 CEST 2023][FINE] Scanning /Users/pixelmission/.gluon/substrate/javafxStaticSdk/21-ea+9.1/darwin-x86_64/sdk/lib/javafx.fxml.jar
[Sat Apr 29 12:28:58 CEST 2023][FINE] Scanning /Users/pixelmission/.gluon/substrate/javafxStaticSdk/21-ea+9.1/darwin-x86_64/sdk/lib/javafx.graphics.jar
[Sat Apr 29 12:28:58 CEST 2023][FINE] Adding classes from /Users/pixelmission/.gluon/substrate/javafxStaticSdk/21-ea+9.1/darwin-x86_64/sdk/lib/javafx.graphics.jar::META-INF/substrate/config/resourcebundles
[Sat Apr 29 12:28:58 CEST 2023][FINE] Scanning /var/folders/4_/n8fx_qjd4qd171k0ysxgncg00000gn/T/classes3953232496103019506/classes.jar
[Sat Apr 29 12:28:58 CEST 2023][FINE] PB Command for java-version: /Users/pixelmission/Documents/graalvm-ce-java17-22.3.1/Contents/Home/bin/java --version
[Sat Apr 29 12:28:58 CEST 2023][FINE] Start process java-version...
[Sat Apr 29 12:28:58 CEST 2023][FINE] [SUB] openjdk 17.0.6 2023-01-17
[Sat Apr 29 12:28:58 CEST 2023][FINE] [SUB] OpenJDK Runtime Environment GraalVM CE 22.3.1 (build 17.0.6+10-jvmci-22.3-b13)
[Sat Apr 29 12:28:58 CEST 2023][FINE] [SUB] OpenJDK 64-Bit Server VM GraalVM CE 22.3.1 (build 17.0.6+10-jvmci-22.3-b13, mixed mode, sharing)
[Sat Apr 29 12:28:58 CEST 2023][FINE] Result for java-version: 0
[Sat Apr 29 12:28:58 CEST 2023][FINE] Copied resource /Users/pixelmission/.gluon/substrate/javafxStaticSdk/21-ea+9.1/darwin-x86_64/sdk/lib/javafx.base.jar to /Users/pixelmission/Documents/TowerDefense/towerdefense/target/gluonfx/x86_64-darwin/gvm/tmp/deps/javafx.base.jar
[Sat Apr 29 12:28:58 CEST 2023][FINE] Copied resource /Users/pixelmission/.gluon/substrate/javafxStaticSdk/21-ea+9.1/darwin-x86_64/sdk/lib/javafx.controls.jar to /Users/pixelmission/Documents/TowerDefense/towerdefense/target/gluonfx/x86_64-darwin/gvm/tmp/deps/javafx.controls.jar
[Sat Apr 29 12:28:58 CEST 2023][FINE] Copied resource /Users/pixelmission/.gluon/substrate/javafxStaticSdk/21-ea+9.1/darwin-x86_64/sdk/lib/javafx.fxml.jar to /Users/pixelmission/Documents/TowerDefense/towerdefense/target/gluonfx/x86_64-darwin/gvm/tmp/deps/javafx.fxml.jar
[Sat Apr 29 12:28:58 CEST 2023][FINE] Copied resource /Users/pixelmission/.gluon/substrate/javafxStaticSdk/21-ea+9.1/darwin-x86_64/sdk/lib/javafx.graphics.jar to /Users/pixelmission/Documents/TowerDefense/towerdefense/target/gluonfx/x86_64-darwin/gvm/tmp/deps/javafx.graphics.jar
[Sat Apr 29 12:28:58 CEST 2023][FINE] Class-Path manifest entry for pathing jar: ../../../../classes deps/javafx.base.jar deps/javafx.controls.jar deps/javafx.fxml.jar deps/javafx.graphics.jar
[Sat Apr 29 12:28:58 CEST 2023][FINE] Pathing jar created at /Users/pixelmission/Documents/TowerDefense/towerdefense/target/gluonfx/x86_64-darwin/gvm/tmp/classpathJar.jar
[Sat Apr 29 12:28:58 CEST 2023][FINE] PB Command for compile: /Users/pixelmission/Documents/graalvm-ce-java17-22.3.1/Contents/Home/bin/native-image -Djdk.internal.lambda.eagerlyInitialize=false --no-server -H:+SharedLibrary -H:+AddAllCharsets -H:+ReportExceptionStackTraces -H:-DeadlockWatchdogExitOnTimeout -H:DeadlockWatchdogInterval=0 -H:+RemoveSaturatedTypeFlows -H:+ExitAfterRelocatableImageWrite --features=org.graalvm.home.HomeFinderFeature -H:TempDirectory=/Users/pixelmission/Documents/TowerDefense/towerdefense/target/gluonfx/x86_64-darwin/gvm/tmp -H:EnableURLProtocols=http,https -H:ReflectionConfigurationFiles=/Users/pixelmission/Documents/TowerDefense/towerdefense/target/gluonfx/x86_64-darwin/gvm/reflectionconfig-x86_64-darwin.json -H:JNIConfigurationFiles=/Users/pixelmission/Documents/TowerDefense/towerdefense/target/gluonfx/x86_64-darwin/gvm/jniconfig-x86_64-darwin.json -H:ResourceConfigurationFiles=/Users/pixelmission/Documents/TowerDefense/towerdefense/target/gluonfx/x86_64-darwin/gvm/resourceconfig-x86_64-darwin.json -H:IncludeResourceBundles=com/sun/javafx/scene/control/skin/resources/controls,com/sun/javafx/scene/control/skin/resources/controls-nt,com.sun.javafx.tk.quantum.QuantumMessagesBundle -Dsvm.platform=org.graalvm.nativeimage.Platform$MACOS_AMD64 -cp /Users/pixelmission/.m2/repository/com/gluonhq/substrate/0.0.58/substrate-0.0.58.jar:/Users/pixelmission/Documents/TowerDefense/towerdefense/target/gluonfx/x86_64-darwin/gvm/tmp/classpathJar.jar com.towerdefense.App
[Sat Apr 29 12:28:58 CEST 2023][FINE] Start process compile...
[Sat Apr 29 12:28:59 CEST 2023][INFO] [SUB] Warning: Ignoring server-mode native-image argument --no-server.
[Sat Apr 29 12:29:04 CEST 2023][INFO] [SUB] ========================================================================================================================
[Sat Apr 29 12:29:04 CEST 2023][INFO] [SUB] GraalVM Native Image: Generating 'com.towerdefense.app' (shared library)...
[Sat Apr 29 12:29:04 CEST 2023][INFO] [SUB] ========================================================================================================================
[Sat Apr 29 12:29:11 CEST 2023][INFO] [SUB] [1/7] Initializing...                                                                                   (10,6s @ 0,27GB)
[Sat Apr 29 12:29:11 CEST 2023][INFO] [SUB]  Version info: 'GraalVM 22.3.1 Java 17 CE'
[Sat Apr 29 12:29:11 CEST 2023][INFO] [SUB]  Java version info: '17.0.6+10-jvmci-22.3-b13'
[Sat Apr 29 12:29:11 CEST 2023][INFO] [SUB]  C compiler: cc (apple, x86_64, 14.0.3)
[Sat Apr 29 12:29:11 CEST 2023][INFO] [SUB]  Garbage collector: Serial GC
[Sat Apr 29 12:29:11 CEST 2023][INFO] [SUB]  1 user-specific feature(s)
[Sat Apr 29 12:29:11 CEST 2023][INFO] [SUB]  - org.graalvm.home.HomeFinderFeature: Finds GraalVM paths and its version number
[Sat Apr 29 12:30:29 CEST 2023][INFO] [SUB] [2/7] Performing analysis...  [**********]                                                              (77,8s @ 0,89GB)
[Sat Apr 29 12:30:29 CEST 2023][INFO] [SUB]   11.729 (89,38%) of 13.122 classes reachable
[Sat Apr 29 12:30:29 CEST 2023][INFO] [SUB]   20.437 (66,68%) of 30.648 fields reachable
[Sat Apr 29 12:30:29 CEST 2023][INFO] [SUB]   55.828 (60,75%) of 91.903 methods reachable
[Sat Apr 29 12:30:29 CEST 2023][INFO] [SUB]      659 classes,   189 fields, and 2.581 methods registered for reflection
[Sat Apr 29 12:30:29 CEST 2023][INFO] [SUB]      116 classes,   107 fields, and   193 methods registered for JNI access
[Sat Apr 29 12:30:29 CEST 2023][INFO] [SUB]        5 native libraries: -framework CoreServices, -framework Foundation, dl, pthread, z
[Sat Apr 29 12:30:48 CEST 2023][INFO] [SUB] [3/7] Building universe...                                                                              (19,2s @ 1,33GB)
[Sat Apr 29 12:31:17 CEST 2023][INFO] [SUB] [4/7] Parsing methods...      [*****]                                                                   (28,3s @ 0,75GB)
[Sat Apr 29 12:31:24 CEST 2023][INFO] [SUB] [5/7] Inlining methods...     [****]                                                                     (6,6s @ 1,00GB)
[Sat Apr 29 12:32:42 CEST 2023][INFO] [SUB] [6/7] Compiling methods...    [*********]                                                               (77,1s @ 1,91GB)
[Sat Apr 29 12:33:15 CEST 2023][INFO] [SUB] 
[Sat Apr 29 12:33:15 CEST 2023][INFO] [SUB] ------------------------------------------------------------------------------------------------------------------------
[Sat Apr 29 12:33:15 CEST 2023][INFO] [SUB]                         25,1s (9,8% of total time) in 44 GCs | Peak RSS: 3,08GB | CPU load: 3,71
[Sat Apr 29 12:33:15 CEST 2023][INFO] [SUB] ------------------------------------------------------------------------------------------------------------------------
[Sat Apr 29 12:33:15 CEST 2023][INFO] [SUB] Produced artifacts:
[Sat Apr 29 12:33:16 CEST 2023][INFO] [SUB]  /Users/pixelmission/Documents/TowerDefense/towerdefense/target/gluonfx/x86_64-darwin/gvm/towerdefense/com.towerdefense.app.build_artifacts.txt (txt)
[Sat Apr 29 12:33:16 CEST 2023][INFO] [SUB]  /Users/pixelmission/Documents/TowerDefense/towerdefense/target/gluonfx/x86_64-darwin/gvm/towerdefense/com.towerdefense.app.h (header)
[Sat Apr 29 12:33:16 CEST 2023][INFO] [SUB]  /Users/pixelmission/Documents/TowerDefense/towerdefense/target/gluonfx/x86_64-darwin/gvm/towerdefense/com.towerdefense.app_dynamic.h (header)
[Sat Apr 29 12:33:16 CEST 2023][INFO] [SUB]  /Users/pixelmission/Documents/TowerDefense/towerdefense/target/gluonfx/x86_64-darwin/gvm/towerdefense/graal_isolate.h (header)
[Sat Apr 29 12:33:16 CEST 2023][INFO] [SUB]  /Users/pixelmission/Documents/TowerDefense/towerdefense/target/gluonfx/x86_64-darwin/gvm/towerdefense/graal_isolate_dynamic.h (header)
[Sat Apr 29 12:33:16 CEST 2023][INFO] [SUB] ========================================================================================================================
[Sat Apr 29 12:33:16 CEST 2023][INFO] [SUB] Finished generating 'com.towerdefense.app' in 4m 14s.
[Sat Apr 29 12:33:16 CEST 2023][FINE] Result for compile: 0
[Sat Apr 29 12:33:16 CEST 2023][FINE] Logging process [compile] to file: /Users/pixelmission/Documents/TowerDefense/towerdefense/target/gluonfx/log/process-compile-1682764396797.log
[Sat Apr 29 12:33:16 CEST 2023][FINE] Checking execution permissions for /Users/pixelmission/Documents/graalvm-ce-java17-22.3.1
[Sat Apr 29 12:33:16 CEST 2023][FINE] PB Command for check xattr: xattr /Users/pixelmission/Documents/graalvm-ce-java17-22.3.1
[Sat Apr 29 12:33:16 CEST 2023][FINE] Start process check xattr...
[Sat Apr 29 12:33:16 CEST 2023][FINE] Result for check xattr: 0
[Sat Apr 29 12:33:16 CEST 2023][FINE] PB Command for java-version: /Users/pixelmission/Documents/graalvm-ce-java17-22.3.1/Contents/Home/bin/java --version
[Sat Apr 29 12:33:16 CEST 2023][FINE] Start process java-version...
[Sat Apr 29 12:33:17 CEST 2023][FINE] [SUB] openjdk 17.0.6 2023-01-17
[Sat Apr 29 12:33:17 CEST 2023][FINE] [SUB] OpenJDK Runtime Environment GraalVM CE 22.3.1 (build 17.0.6+10-jvmci-22.3-b13)
[Sat Apr 29 12:33:17 CEST 2023][FINE] [SUB] OpenJDK 64-Bit Server VM GraalVM CE 22.3.1 (build 17.0.6+10-jvmci-22.3-b13, mixed mode, sharing)
[Sat Apr 29 12:33:17 CEST 2023][FINE] Result for java-version: 0
[Sat Apr 29 12:33:17 CEST 2023][FINE] PB Command for check version: /Users/pixelmission/Documents/graalvm-ce-java17-22.3.1/Contents/Home/bin/java -version
[Sat Apr 29 12:33:17 CEST 2023][FINE] Start process check version...
[Sat Apr 29 12:33:17 CEST 2023][FINE] [SUB] openjdk version "17.0.6" 2023-01-17
[Sat Apr 29 12:33:17 CEST 2023][FINE] [SUB] OpenJDK Runtime Environment GraalVM CE 22.3.1 (build 17.0.6+10-jvmci-22.3-b13)
[Sat Apr 29 12:33:17 CEST 2023][FINE] [SUB] OpenJDK 64-Bit Server VM GraalVM CE 22.3.1 (build 17.0.6+10-jvmci-22.3-b13, mixed mode, sharing)
[Sat Apr 29 12:33:17 CEST 2023][FINE] Result for check version: 0
[Sat Apr 29 12:33:17 CEST 2023][INFO] Substrate is tested with the Gluon's GraalVM build which you can find at https://github.com/gluonhq/graal/releases.
While you can still use other GraalVM builds, there is no guarantee that these will work properly with Substrate
[Sat Apr 29 12:34:27 CEST 2023][INFO] ==================== PACKAGE TASK ====================
[Sat Apr 29 12:34:27 CEST 2023][INFO] Building app bundle: /Users/pixelmission/Documents/TowerDefense/towerdefense/target/gluonfx/x86_64-darwin/towerdefense.app
[Sat Apr 29 12:34:27 CEST 2023][FINE] Copied resource /Users/pixelmission/Documents/TowerDefense/towerdefense/target/gluonfx/x86_64-darwin/towerdefense to /Users/pixelmission/Documents/TowerDefense/towerdefense/target/gluonfx/x86_64-darwin/towerdefense.app/Contents/MacOS/towerdefense
[Sat Apr 29 12:34:27 CEST 2023][FINE] PB Command for sdk: xcrun --sdk macosx --show-sdk-path
[Sat Apr 29 12:34:27 CEST 2023][FINE] Start process sdk...
[Sat Apr 29 12:34:27 CEST 2023][FINE] [SUB] /Volumes/T7/Xcode.app/Contents/Developer/Platforms/MacOSX.platform/Developer/SDKs/MacOSX13.3.sdk
[Sat Apr 29 12:34:27 CEST 2023][FINE] Result for sdk: 0
[Sat Apr 29 12:34:27 CEST 2023][FINE] platform info file at /Volumes/T7/Xcode.app/Contents/Developer/Platforms/MacOSX.platform/Info.plist
[Sat Apr 29 12:34:27 CEST 2023][FINE] Copy Info.plist to /Users/pixelmission/Documents/TowerDefense/towerdefense/target/gluonfx/x86_64-darwin/gensrc/darwin/Info.plist
[Sat Apr 29 12:34:27 CEST 2023][FINE] Looking for resource: /native/macosx/assets/Info.plist
[Sat Apr 29 12:34:27 CEST 2023][INFO] Default macOS plist generated in /Users/pixelmission/Documents/TowerDefense/towerdefense/target/gluonfx/x86_64-darwin/gensrc/darwin/Info.plist.
Consider copying it to /Users/pixelmission/Documents/TowerDefense/towerdefense/src/darwin before performing any modification
[Sat Apr 29 12:34:27 CEST 2023][FINE] Looking for resource: /native/macosx/assets/AppIcon.iconset/icon_128@1x.png
[Sat Apr 29 12:34:27 CEST 2023][FINE] Looking for resource: /native/macosx/assets/AppIcon.iconset/icon_128@2x.png
[Sat Apr 29 12:34:27 CEST 2023][FINE] Looking for resource: /native/macosx/assets/AppIcon.iconset/icon_16@1x.png
[Sat Apr 29 12:34:27 CEST 2023][FINE] Looking for resource: /native/macosx/assets/AppIcon.iconset/icon_16@2x.png
[Sat Apr 29 12:34:27 CEST 2023][FINE] Looking for resource: /native/macosx/assets/AppIcon.iconset/icon_256@1x.png
[Sat Apr 29 12:34:27 CEST 2023][FINE] Looking for resource: /native/macosx/assets/AppIcon.iconset/icon_256@2x.png
[Sat Apr 29 12:34:27 CEST 2023][FINE] Looking for resource: /native/macosx/assets/AppIcon.iconset/icon_32@1x.png
[Sat Apr 29 12:34:27 CEST 2023][FINE] Looking for resource: /native/macosx/assets/AppIcon.iconset/icon_32@2x.png
[Sat Apr 29 12:34:27 CEST 2023][FINE] Looking for resource: /native/macosx/assets/AppIcon.iconset/icon_512@1x.png
[Sat Apr 29 12:34:27 CEST 2023][FINE] Looking for resource: /native/macosx/assets/AppIcon.iconset/icon_512@2x.png
[Sat Apr 29 12:34:27 CEST 2023][FINE] PB Command for icon: iconutil -c icns /Users/pixelmission/Documents/TowerDefense/towerdefense/target/gluonfx/x86_64-darwin/gensrc/darwin/assets/AppIcon.iconset
[Sat Apr 29 12:34:27 CEST 2023][FINE] Start process icon...
[Sat Apr 29 12:34:28 CEST 2023][FINE] Result for icon: 0
[Sat Apr 29 12:34:28 CEST 2023][FINE] Copy AppIcon.icns to /Users/pixelmission/Documents/TowerDefense/towerdefense/target/gluonfx/x86_64-darwin/towerdefense.app/Contents/Resources/AppIcon.icns
[Sat Apr 29 12:34:28 CEST 2023][FINE] Copied resource /Users/pixelmission/Documents/TowerDefense/towerdefense/target/gluonfx/x86_64-darwin/gensrc/darwin/assets/AppIcon.icns to /Users/pixelmission/Documents/TowerDefense/towerdefense/target/gluonfx/x86_64-darwin/towerdefense.app/Contents/Resources/AppIcon.icns
[Sat Apr 29 12:34:28 CEST 2023][INFO] Default macOS resources generated in /Users/pixelmission/Documents/TowerDefense/towerdefense/target/gluonfx/x86_64-darwin/gensrc/darwin.
Consider copying them to /Users/pixelmission/Documents/TowerDefense/towerdefense/src/darwin before performing any modification
[Sat Apr 29 12:34:28 CEST 2023][FINE] Copy PkgInfo to /Users/pixelmission/Documents/TowerDefense/towerdefense/target/gluonfx/x86_64-darwin/towerdefense.app/Contents
[Sat Apr 29 12:34:28 CEST 2023][FINE] Looking for resource: /native/macosx/assets/PkgInfo
[Sat Apr 29 12:34:28 CEST 2023][FINE] Scanning for plist files
[Sat Apr 29 12:34:28 CEST 2023][FINE] Copied resource /Users/pixelmission/Documents/TowerDefense/towerdefense/target/classes/d_left_top.png to /var/folders/4_/n8fx_qjd4qd171k0ysxgncg00000gn/T/classes2301684627088723124/d_left_top.png
[Sat Apr 29 12:34:28 CEST 2023][FINE] Copied resource /Users/pixelmission/Documents/TowerDefense/towerdefense/target/classes/c_top_right.png to /var/folders/4_/n8fx_qjd4qd171k0ysxgncg00000gn/T/classes2301684627088723124/c_top_right.png
[Sat Apr 29 12:34:28 CEST 2023][FINE] Copied resource /Users/pixelmission/Documents/TowerDefense/towerdefense/target/classes/b_right.png to /var/folders/4_/n8fx_qjd4qd171k0ysxgncg00000gn/T/classes2301684627088723124/b_right.png
[Sat Apr 29 12:34:28 CEST 2023][FINE] Copied resource /Users/pixelmission/Documents/TowerDefense/towerdefense/target/classes/a_empty.png to /var/folders/4_/n8fx_qjd4qd171k0ysxgncg00000gn/T/classes2301684627088723124/a_empty.png
[Sat Apr 29 12:34:28 CEST 2023][FINE] Copied resource /Users/pixelmission/Documents/TowerDefense/towerdefense/target/classes/c_bottom_right.png to /var/folders/4_/n8fx_qjd4qd171k0ysxgncg00000gn/T/classes2301684627088723124/c_bottom_right.png
[Sat Apr 29 12:34:28 CEST 2023][FINE] Copied resource /Users/pixelmission/Documents/TowerDefense/towerdefense/target/classes/c_top_left.png to /var/folders/4_/n8fx_qjd4qd171k0ysxgncg00000gn/T/classes2301684627088723124/c_top_left.png
[Sat Apr 29 12:34:28 CEST 2023][FINE] Copied resource /Users/pixelmission/Documents/TowerDefense/towerdefense/target/classes/a_path.png to /var/folders/4_/n8fx_qjd4qd171k0ysxgncg00000gn/T/classes2301684627088723124/a_path.png
[Sat Apr 29 12:34:28 CEST 2023][FINE] Copied resource /Users/pixelmission/Documents/TowerDefense/towerdefense/target/classes/enemy_1.png to /var/folders/4_/n8fx_qjd4qd171k0ysxgncg00000gn/T/classes2301684627088723124/enemy_1.png
[Sat Apr 29 12:34:28 CEST 2023][FINE] Copied resource /Users/pixelmission/Documents/TowerDefense/towerdefense/target/classes/a_path copy 2.png to /var/folders/4_/n8fx_qjd4qd171k0ysxgncg00000gn/T/classes2301684627088723124/a_path copy 2.png
[Sat Apr 29 12:34:28 CEST 2023][FINE] Copied resource /Users/pixelmission/Documents/TowerDefense/towerdefense/target/classes/module-info.class to /var/folders/4_/n8fx_qjd4qd171k0ysxgncg00000gn/T/classes2301684627088723124/module-info.class
[Sat Apr 29 12:34:28 CEST 2023][FINE] Copied resource /Users/pixelmission/Documents/TowerDefense/towerdefense/target/classes/d_bottom_right.png to /var/folders/4_/n8fx_qjd4qd171k0ysxgncg00000gn/T/classes2301684627088723124/d_bottom_right.png
[Sat Apr 29 12:34:28 CEST 2023][FINE] Copied resource /Users/pixelmission/Documents/TowerDefense/towerdefense/target/classes/d_right_top.png to /var/folders/4_/n8fx_qjd4qd171k0ysxgncg00000gn/T/classes2301684627088723124/d_right_top.png
[Sat Apr 29 12:34:28 CEST 2023][FINE] Copied resource /Users/pixelmission/Documents/TowerDefense/towerdefense/target/classes/a_path copy.png to /var/folders/4_/n8fx_qjd4qd171k0ysxgncg00000gn/T/classes2301684627088723124/a_path copy.png
[Sat Apr 29 12:34:28 CEST 2023][FINE] Copied resource /Users/pixelmission/Documents/TowerDefense/towerdefense/target/classes/weapon_3.png to /var/folders/4_/n8fx_qjd4qd171k0ysxgncg00000gn/T/classes2301684627088723124/weapon_3.png
[Sat Apr 29 12:34:28 CEST 2023][FINE] Copied resource /Users/pixelmission/Documents/TowerDefense/towerdefense/target/classes/b_bottom.png to /var/folders/4_/n8fx_qjd4qd171k0ysxgncg00000gn/T/classes2301684627088723124/b_bottom.png
[Sat Apr 29 12:34:28 CEST 2023][FINE] Copied resource /Users/pixelmission/Documents/TowerDefense/towerdefense/target/classes/c_bottom_left.png to /var/folders/4_/n8fx_qjd4qd171k0ysxgncg00000gn/T/classes2301684627088723124/c_bottom_left.png
[Sat Apr 29 12:34:28 CEST 2023][FINE] Copied resource /Users/pixelmission/Documents/TowerDefense/towerdefense/target/classes/b_top.png to /var/folders/4_/n8fx_qjd4qd171k0ysxgncg00000gn/T/classes2301684627088723124/b_top.png
[Sat Apr 29 12:34:28 CEST 2023][FINE] Copied resource /Users/pixelmission/Documents/TowerDefense/towerdefense/target/classes/b_left.png to /var/folders/4_/n8fx_qjd4qd171k0ysxgncg00000gn/T/classes2301684627088723124/b_left.png
[Sat Apr 29 12:34:28 CEST 2023][FINE] Copied resource /Users/pixelmission/Documents/TowerDefense/towerdefense/target/classes/weapon_1.png to /var/folders/4_/n8fx_qjd4qd171k0ysxgncg00000gn/T/classes2301684627088723124/weapon_1.png
[Sat Apr 29 12:34:28 CEST 2023][FINE] Copied resource /Users/pixelmission/Documents/TowerDefense/towerdefense/target/classes/weapon_4.png to /var/folders/4_/n8fx_qjd4qd171k0ysxgncg00000gn/T/classes2301684627088723124/weapon_4.png
[Sat Apr 29 12:34:28 CEST 2023][FINE] Copied resource /Users/pixelmission/Documents/TowerDefense/towerdefense/target/classes/d_bottom_left.png to /var/folders/4_/n8fx_qjd4qd171k0ysxgncg00000gn/T/classes2301684627088723124/d_bottom_left.png
[Sat Apr 29 12:34:28 CEST 2023][FINE] Copied resource /Users/pixelmission/Documents/TowerDefense/towerdefense/target/classes/com/towerdefense/Tilemap.class to /var/folders/4_/n8fx_qjd4qd171k0ysxgncg00000gn/T/classes2301684627088723124/com/towerdefense/Tilemap.class
[Sat Apr 29 12:34:28 CEST 2023][FINE] Copied resource /Users/pixelmission/Documents/TowerDefense/towerdefense/target/classes/com/towerdefense/WeaponManager.class to /var/folders/4_/n8fx_qjd4qd171k0ysxgncg00000gn/T/classes2301684627088723124/com/towerdefense/WeaponManager.class
[Sat Apr 29 12:34:28 CEST 2023][FINE] Copied resource /Users/pixelmission/Documents/TowerDefense/towerdefense/target/classes/com/towerdefense/Weapon.class to /var/folders/4_/n8fx_qjd4qd171k0ysxgncg00000gn/T/classes2301684627088723124/com/towerdefense/Weapon.class
[Sat Apr 29 12:34:28 CEST 2023][FINE] Copied resource /Users/pixelmission/Documents/TowerDefense/towerdefense/target/classes/com/towerdefense/Game.class to /var/folders/4_/n8fx_qjd4qd171k0ysxgncg00000gn/T/classes2301684627088723124/com/towerdefense/Game.class
[Sat Apr 29 12:34:28 CEST 2023][FINE] Copied resource /Users/pixelmission/Documents/TowerDefense/towerdefense/target/classes/com/towerdefense/PrimaryController.class to /var/folders/4_/n8fx_qjd4qd171k0ysxgncg00000gn/T/classes2301684627088723124/com/towerdefense/PrimaryController.class
[Sat Apr 29 12:34:28 CEST 2023][FINE] Copied resource /Users/pixelmission/Documents/TowerDefense/towerdefense/target/classes/com/towerdefense/primary.fxml to /var/folders/4_/n8fx_qjd4qd171k0ysxgncg00000gn/T/classes2301684627088723124/com/towerdefense/primary.fxml
[Sat Apr 29 12:34:28 CEST 2023][FINE] Copied resource /Users/pixelmission/Documents/TowerDefense/towerdefense/target/classes/com/towerdefense/Enemy.class to /var/folders/4_/n8fx_qjd4qd171k0ysxgncg00000gn/T/classes2301684627088723124/com/towerdefense/Enemy.class
[Sat Apr 29 12:34:28 CEST 2023][FINE] Copied resource /Users/pixelmission/Documents/TowerDefense/towerdefense/target/classes/com/towerdefense/Vector2D.class to /var/folders/4_/n8fx_qjd4qd171k0ysxgncg00000gn/T/classes2301684627088723124/com/towerdefense/Vector2D.class
[Sat Apr 29 12:34:28 CEST 2023][FINE] Copied resource /Users/pixelmission/Documents/TowerDefense/towerdefense/target/classes/com/towerdefense/EnemyManager.class to /var/folders/4_/n8fx_qjd4qd171k0ysxgncg00000gn/T/classes2301684627088723124/com/towerdefense/EnemyManager.class
[Sat Apr 29 12:34:28 CEST 2023][FINE] Copied resource /Users/pixelmission/Documents/TowerDefense/towerdefense/target/classes/com/towerdefense/Demo$1.class to /var/folders/4_/n8fx_qjd4qd171k0ysxgncg00000gn/T/classes2301684627088723124/com/towerdefense/Demo$1.class
[Sat Apr 29 12:34:28 CEST 2023][FINE] Copied resource /Users/pixelmission/Documents/TowerDefense/towerdefense/target/classes/com/towerdefense/Game$1.class to /var/folders/4_/n8fx_qjd4qd171k0ysxgncg00000gn/T/classes2301684627088723124/com/towerdefense/Game$1.class
[Sat Apr 29 12:34:28 CEST 2023][FINE] Copied resource /Users/pixelmission/Documents/TowerDefense/towerdefense/target/classes/com/towerdefense/Demo.class to /var/folders/4_/n8fx_qjd4qd171k0ysxgncg00000gn/T/classes2301684627088723124/com/towerdefense/Demo.class
[Sat Apr 29 12:34:28 CEST 2023][FINE] Copied resource /Users/pixelmission/Documents/TowerDefense/towerdefense/target/classes/com/towerdefense/secondary.fxml to /var/folders/4_/n8fx_qjd4qd171k0ysxgncg00000gn/T/classes2301684627088723124/com/towerdefense/secondary.fxml
[Sat Apr 29 12:34:28 CEST 2023][FINE] Copied resource /Users/pixelmission/Documents/TowerDefense/towerdefense/target/classes/com/towerdefense/Settings.class to /var/folders/4_/n8fx_qjd4qd171k0ysxgncg00000gn/T/classes2301684627088723124/com/towerdefense/Settings.class
[Sat Apr 29 12:34:28 CEST 2023][FINE] Copied resource /Users/pixelmission/Documents/TowerDefense/towerdefense/target/classes/com/towerdefense/Tile.class to /var/folders/4_/n8fx_qjd4qd171k0ysxgncg00000gn/T/classes2301684627088723124/com/towerdefense/Tile.class
[Sat Apr 29 12:34:28 CEST 2023][FINE] Copied resource /Users/pixelmission/Documents/TowerDefense/towerdefense/target/classes/com/towerdefense/App.class to /var/folders/4_/n8fx_qjd4qd171k0ysxgncg00000gn/T/classes2301684627088723124/com/towerdefense/App.class
[Sat Apr 29 12:34:28 CEST 2023][FINE] Copied resource /Users/pixelmission/Documents/TowerDefense/towerdefense/target/classes/com/towerdefense/Game$2.class to /var/folders/4_/n8fx_qjd4qd171k0ysxgncg00000gn/T/classes2301684627088723124/com/towerdefense/Game$2.class
[Sat Apr 29 12:34:28 CEST 2023][FINE] Copied resource /Users/pixelmission/Documents/TowerDefense/towerdefense/target/classes/com/towerdefense/Utils.class to /var/folders/4_/n8fx_qjd4qd171k0ysxgncg00000gn/T/classes2301684627088723124/com/towerdefense/Utils.class
[Sat Apr 29 12:34:28 CEST 2023][FINE] Copied resource /Users/pixelmission/Documents/TowerDefense/towerdefense/target/classes/com/towerdefense/Demo$2.class to /var/folders/4_/n8fx_qjd4qd171k0ysxgncg00000gn/T/classes2301684627088723124/com/towerdefense/Demo$2.class
[Sat Apr 29 12:34:28 CEST 2023][FINE] Copied resource /Users/pixelmission/Documents/TowerDefense/towerdefense/target/classes/com/towerdefense/SecondaryController.class to /var/folders/4_/n8fx_qjd4qd171k0ysxgncg00000gn/T/classes2301684627088723124/com/towerdefense/SecondaryController.class
[Sat Apr 29 12:34:28 CEST 2023][FINE] Copied resource /Users/pixelmission/Documents/TowerDefense/towerdefense/target/classes/com/towerdefense/Layer.class to /var/folders/4_/n8fx_qjd4qd171k0ysxgncg00000gn/T/classes2301684627088723124/com/towerdefense/Layer.class
[Sat Apr 29 12:34:28 CEST 2023][FINE] PB Command for jar: /Users/pixelmission/Documents/graalvm-ce-java17-22.3.1/Contents/Home/bin/jar cf /var/folders/4_/n8fx_qjd4qd171k0ysxgncg00000gn/T/classes2301684627088723124/classes.jar -C /var/folders/4_/n8fx_qjd4qd171k0ysxgncg00000gn/T/classes2301684627088723124 .
[Sat Apr 29 12:34:28 CEST 2023][FINE] Start process jar...
[Sat Apr 29 12:34:28 CEST 2023][FINE] Result for jar: 0
[Sat Apr 29 12:34:28 CEST 2023][FINE] Scanning /Users/pixelmission/.m2/repository/org/openjfx/javafx-base/13/javafx-base-13-mac.jar
[Sat Apr 29 12:34:28 CEST 2023][FINE] Scanning /Users/pixelmission/.m2/repository/org/openjfx/javafx-base/13/javafx-base-13.jar
[Sat Apr 29 12:34:28 CEST 2023][FINE] Scanning /Users/pixelmission/.m2/repository/org/openjfx/javafx-controls/13/javafx-controls-13-mac.jar
[Sat Apr 29 12:34:28 CEST 2023][FINE] Scanning /Users/pixelmission/.m2/repository/org/openjfx/javafx-controls/13/javafx-controls-13.jar
[Sat Apr 29 12:34:28 CEST 2023][FINE] Scanning /Users/pixelmission/.m2/repository/org/openjfx/javafx-fxml/13/javafx-fxml-13-mac.jar
[Sat Apr 29 12:34:28 CEST 2023][FINE] Scanning /Users/pixelmission/.m2/repository/org/openjfx/javafx-fxml/13/javafx-fxml-13.jar
[Sat Apr 29 12:34:28 CEST 2023][FINE] Scanning /Users/pixelmission/.m2/repository/org/openjfx/javafx-graphics/13/javafx-graphics-13-mac.jar
[Sat Apr 29 12:34:28 CEST 2023][FINE] Scanning /Users/pixelmission/.m2/repository/org/openjfx/javafx-graphics/13/javafx-graphics-13.jar
[Sat Apr 29 12:34:28 CEST 2023][FINE] Scanning /var/folders/4_/n8fx_qjd4qd171k0ysxgncg00000gn/T/classes2301684627088723124/classes.jar
[Sat Apr 29 12:34:28 CEST 2023][FINE] Plist at /Users/pixelmission/Documents/TowerDefense/towerdefense/target/gluonfx/x86_64-darwin/gensrc/darwin/Info.plist
[Sat Apr 29 12:34:28 CEST 2023][FINE] PB Command for security: security find-identity -p codesigning -v
[Sat Apr 29 12:34:28 CEST 2023][FINE] Start process security...
[Sat Apr 29 12:34:28 CEST 2023][FINE] [SUB]   1) 3CB1D7F874F3AB2239824BD45D00D140E4159A5E "Apple Development: Stefan Selch (BQQ6B6XA6K)"
[Sat Apr 29 12:34:28 CEST 2023][FINE] [SUB]   2) 514C451E7166503E8FAB24709F5EAC88FC5866FA "Apple Development: Christian Karg (VAJ98YU2K6)"
[Sat Apr 29 12:34:28 CEST 2023][FINE] [SUB]      2 valid identities found
[Sat Apr 29 12:34:28 CEST 2023][FINE] Result for security: 0
[Sat Apr 29 12:34:28 CEST 2023][FINE] Find identity by pattern from 2 identities
[Sat Apr 29 12:34:28 CEST 2023][FINE] There are 2 possible valid identities
[Sat Apr 29 12:34:28 CEST 2023][FINE] Provision profile asked with bundleId = com.towerdefense.towerdefense
[Sat Apr 29 12:34:28 CEST 2023][FINE] Provision profile asked with bundleId = com.towerdefense.towerdefense
[Sat Apr 29 12:34:28 CEST 2023][FINE] Provisioning profile: null
[Sat Apr 29 12:34:28 CEST 2023][FINE] Provisioning profile not found.
[Sat Apr 29 12:34:28 CEST 2023][FINE] Signing with entitlements path: null
[Sat Apr 29 12:34:28 CEST 2023][FINE] Signing app with identity: SigningIdentity{name='Apple Development: Christian Karg (VAJ98YU2K6)', sha1='514C451E7166503E8FAB24709F5EAC88FC5866FA'}
[Sat Apr 29 12:34:28 CEST 2023][FINE] PB Command for codesign executable: codesign --timestamp --options runtime --force --sign 514C451E7166503E8FAB24709F5EAC88FC5866FA /Users/pixelmission/Documents/TowerDefense/towerdefense/target/gluonfx/x86_64-darwin/towerdefense.app/Contents/MacOS/towerdefense
[Sat Apr 29 12:34:28 CEST 2023][FINE] Start process codesign executable...
[Sat Apr 29 12:34:29 CEST 2023][FINE] Result for codesign executable: true
[Sat Apr 29 12:34:29 CEST 2023][FINE] PB Command for codesign app: codesign --timestamp --options runtime --force --sign 514C451E7166503E8FAB24709F5EAC88FC5866FA /Users/pixelmission/Documents/TowerDefense/towerdefense/target/gluonfx/x86_64-darwin/towerdefense.app
[Sat Apr 29 12:34:29 CEST 2023][FINE] Start process codesign app...
[Sat Apr 29 12:34:29 CEST 2023][FINE] [SUB] /Users/pixelmission/Documents/TowerDefense/towerdefense/target/gluonfx/x86_64-darwin/towerdefense.app: replacing existing signature
[Sat Apr 29 12:34:30 CEST 2023][FINE] Result for codesign app: true
[Sat Apr 29 12:34:30 CEST 2023][FINE] Validating codesign...
[Sat Apr 29 12:34:30 CEST 2023][FINE] PB Command for verify: codesign --verify -vvvv /Users/pixelmission/Documents/TowerDefense/towerdefense/target/gluonfx/x86_64-darwin/towerdefense.app
[Sat Apr 29 12:34:30 CEST 2023][FINE] Start process verify...
[Sat Apr 29 12:34:31 CEST 2023][FINE] [SUB] /Users/pixelmission/Documents/TowerDefense/towerdefense/target/gluonfx/x86_64-darwin/towerdefense.app: valid on disk
[Sat Apr 29 12:34:31 CEST 2023][FINE] [SUB] /Users/pixelmission/Documents/TowerDefense/towerdefense/target/gluonfx/x86_64-darwin/towerdefense.app: satisfies its Designated Requirement
[Sat Apr 29 12:34:31 CEST 2023][FINE] Result for verify: true
[Sat Apr 29 12:34:31 CEST 2023][FINE] Signing done successfully
[Sat Apr 29 12:34:31 CEST 2023][INFO] App bundle built successfully at: /Users/pixelmission/Documents/TowerDefense/towerdefense/target/gluonfx/x86_64-darwin/towerdefense.app
